0 info it worked if it ends with ok
1 verbose cli [ '/usr/bin/node', '/usr/bin/npm', 'i', 'should', '--save-dev' ]
2 info using npm@1.4.28
3 info using node@v0.10.33
4 verbose node symlink /usr/bin/node
5 warn package.json quickbot-five@1.0.0 No description
6 warn package.json quickbot-five@1.0.0 No repository field.
7 warn package.json quickbot-five@1.0.0 No README data
8 verbose readDependencies using package.json deps
9 verbose cache add [ 'should', null ]
10 verbose cache add name=undefined spec="should" args=["should",null]
11 verbose parsed url { protocol: null,
11 verbose parsed url   slashes: null,
11 verbose parsed url   auth: null,
11 verbose parsed url   host: null,
11 verbose parsed url   port: null,
11 verbose parsed url   hostname: null,
11 verbose parsed url   hash: null,
11 verbose parsed url   search: null,
11 verbose parsed url   query: null,
11 verbose parsed url   pathname: 'should',
11 verbose parsed url   path: 'should',
11 verbose parsed url   href: 'should' }
12 silly lockFile c6dc9bc9-should should
13 verbose lock should /home/eugene/.npm/c6dc9bc9-should.lock
14 silly lockFile c6dc9bc9-should should
15 silly lockFile c6dc9bc9-should should
16 verbose addNamed [ 'should', '' ]
17 verbose addNamed [ null, '*' ]
18 silly lockFile 6159124d-should should@
19 verbose lock should@ /home/eugene/.npm/6159124d-should.lock
20 silly addNameRange { name: 'should', range: '*', hasData: false }
21 verbose request where is /should
22 verbose request registry https://registry.npmjs.org/
23 verbose request id 1aeb1d96d6585d24
24 verbose url raw /should
25 verbose url resolving [ 'https://registry.npmjs.org/', './should' ]
26 verbose url resolved https://registry.npmjs.org/should
27 verbose request where is https://registry.npmjs.org/should
28 info trying registry request attempt 1 at 12:48:08
29 verbose etag "9D81VPB8RJICUWARP37VAPCFA"
30 http GET https://registry.npmjs.org/should
31 http 200 https://registry.npmjs.org/should
32 silly registry.get cb [ 200,
32 silly registry.get   { date: 'Sun, 23 Nov 2014 10:48:08 GMT',
32 silly registry.get     server: 'CouchDB/1.5.0 (Erlang OTP/R16B03)',
32 silly registry.get     etag: '"6R4J1PM2PTYPEYCMD1RTCWGX5"',
32 silly registry.get     'content-type': 'application/json',
32 silly registry.get     'cache-control': 'max-age=60',
32 silly registry.get     'content-length': '76691',
32 silly registry.get     'accept-ranges': 'bytes',
32 silly registry.get     via: '1.1 varnish',
32 silly registry.get     age: '56',
32 silly registry.get     'x-served-by': 'cache-fra1242-FRA',
32 silly registry.get     'x-cache': 'HIT',
32 silly registry.get     'x-cache-hits': '2',
32 silly registry.get     'x-timer': 'S1416739688.343678,VS0,VE0',
32 silly registry.get     vary: 'Accept',
32 silly registry.get     'keep-alive': 'timeout=10, max=50',
32 silly registry.get     connection: 'Keep-Alive' } ]
33 silly addNameRange number 2 { name: 'should', range: '*', hasData: true }
34 silly addNameRange versions [ 'should',
34 silly addNameRange   [ '0.0.1',
34 silly addNameRange     '0.0.2',
34 silly addNameRange     '0.0.3',
34 silly addNameRange     '0.0.4',
34 silly addNameRange     '0.1.0',
34 silly addNameRange     '0.2.0',
34 silly addNameRange     '0.2.1',
34 silly addNameRange     '0.3.0',
34 silly addNameRange     '0.3.1',
34 silly addNameRange     '0.3.2',
34 silly addNameRange     '0.4.0',
34 silly addNameRange     '0.4.1',
34 silly addNameRange     '0.4.2',
34 silly addNameRange     '0.5.0',
34 silly addNameRange     '0.5.1',
34 silly addNameRange     '0.6.0',
34 silly addNameRange     '0.6.1',
34 silly addNameRange     '0.6.2',
34 silly addNameRange     '0.6.3',
34 silly addNameRange     '1.0.0',
34 silly addNameRange     '1.1.0',
34 silly addNameRange     '1.1.1',
34 silly addNameRange     '1.2.0',
34 silly addNameRange     '1.2.1',
34 silly addNameRange     '1.2.2',
34 silly addNameRange     '1.3.0',
34 silly addNameRange     '2.0.0',
34 silly addNameRange     '2.0.1',
34 silly addNameRange     '2.0.2',
34 silly addNameRange     '2.1.0',
34 silly addNameRange     '2.1.1',
34 silly addNameRange     '3.0.0',
34 silly addNameRange     '3.0.1',
34 silly addNameRange     '3.1.0',
34 silly addNameRange     '3.1.1',
34 silly addNameRange     '3.1.2',
34 silly addNameRange     '3.1.3',
34 silly addNameRange     '3.1.4',
34 silly addNameRange     '3.2.0-beta1',
34 silly addNameRange     '3.2.0',
34 silly addNameRange     '3.3.0',
34 silly addNameRange     '3.3.1',
34 silly addNameRange     '3.3.2',
34 silly addNameRange     '4.0.0',
34 silly addNameRange     '4.0.1',
34 silly addNameRange     '4.0.3',
34 silly addNameRange     '4.0.4',
34 silly addNameRange     '4.1.0',
34 silly addNameRange     '4.2.0',
34 silly addNameRange     '4.2.1',
34 silly addNameRange     '4.3.0' ] ]
35 verbose addNamed [ 'should', '4.3.0' ]
36 verbose addNamed [ '4.3.0', '4.3.0' ]
37 silly lockFile 718518fc-should-4-3-0 should@4.3.0
38 verbose lock should@4.3.0 /home/eugene/.npm/718518fc-should-4-3-0.lock
39 silly lockFile 0cd82981-pmjs-org-should-should-4-3-0-tgz https://registry.npmjs.org/should/-/should-4.3.0.tgz
40 verbose lock https://registry.npmjs.org/should/-/should-4.3.0.tgz /home/eugene/.npm/0cd82981-pmjs-org-should-should-4-3-0-tgz.lock
41 verbose addRemoteTarball [ 'https://registry.npmjs.org/should/-/should-4.3.0.tgz',
41 verbose addRemoteTarball   '6fd50fadf9b54134a352f2fd74657b1e97231ad6' ]
42 info retry fetch attempt 1 at 12:48:08
43 verbose fetch to= /tmp/npm-9695-higfKP3w/registry.npmjs.org/should/-/should-4.3.0.tgz
44 http GET https://registry.npmjs.org/should/-/should-4.3.0.tgz
45 http 200 https://registry.npmjs.org/should/-/should-4.3.0.tgz
46 silly lockFile 0cd82981-pmjs-org-should-should-4-3-0-tgz https://registry.npmjs.org/should/-/should-4.3.0.tgz
47 silly lockFile 0cd82981-pmjs-org-should-should-4-3-0-tgz https://registry.npmjs.org/should/-/should-4.3.0.tgz
48 silly lockFile 718518fc-should-4-3-0 should@4.3.0
49 silly lockFile 718518fc-should-4-3-0 should@4.3.0
50 silly lockFile 6159124d-should should@
51 silly lockFile 6159124d-should should@
52 error Error: EACCES, mkdir '/home/eugene/.npm/should/4.3.0'
52 error  { [Error: EACCES, mkdir '/home/eugene/.npm/should/4.3.0']
52 error   errno: 3,
52 error   code: 'EACCES',
52 error   path: '/home/eugene/.npm/should/4.3.0',
52 error   parent: 'quickbot-five' }
53 error Please try running this command again as root/Administrator.
54 error System Linux 3.2.0-70-generic
55 error command "/usr/bin/node" "/usr/bin/npm" "i" "should" "--save-dev"
56 error cwd /home/eugene/code/quickbot-five
57 error node -v v0.10.33
58 error npm -v 1.4.28
59 error path /home/eugene/.npm/should/4.3.0
60 error code EACCES
61 error errno 3
62 error stack Error: EACCES, mkdir '/home/eugene/.npm/should/4.3.0'
63 verbose exit [ 3, true ]
